3
(10,27) (11,28) (11,29) (11,30)
1
(11,24) (11,25)
2
(15,7) (15,8) (16,8)
2
(16,12) (16,13) (16,14)
7
(9,25) (9,26) (10,27) (11,26) (11,25) (11,24) (12,24) (12,25)
6
(14,7) (14,8) (15,7) (15,8) (15,9) (16,8) (16,9)
4
(17,12) (16,12) (16,13) (16,14) (17,14)
27
(11,29) (10,30) (10,31) (11,30) (12,30) (12,31) (13,7) (13,8) (14,7) (14,6) (15,6) (15,7) (14,8) (15,8) (15,9) (15,10) (16,9) (16,8) (17,8) (17,9) (16,10) (16,11) (16,12) (16,13) (16,14) (16,15) (17,14) (17,15)
66
(16,10) (15,9) (14,8) (13,7) (12,7) (10,31) (9,30) (9,31) (10,30) (11,29) (11,28) (10,27) (9,26) (8,25) (7,25) (7,26) (8,26) (9,25) (8,24) (9,24) (10,23) (11,22) (11,23) (11,24) (11,25) (11,26) (11,27) (12,28) (13,28) (13,29) (12,30) (11,30) (12,31) (14,5) (14,6) (14,7) (13,8) (12,8) (13,9) (14,10) (15,10) (16,9) (15,8) (15,7) (15,6) (15,5) (16,6) (17,7) (16,8) (17,8) (17,9) (18,8) (18,9) (18,10) (17,11) (16,11) (16,12) (16,13) (16,14) (15,15) (16,15) (16,16) (17,15) (17,14) (18,13) (17,12) (18,11)
1
(8,25) (9,25)
1
(8,27) (9,27)
1
(10,30) (10,31)
2
(12,31) (13,30) (13,6)
4
(16,15) (17,15) (18,14) (18,13) (18,12)
2
(10,24) (11,24) (12,24)
3
(10,30) (11,30) (11,31) (12,30)
2
(15,12) (16,12) (17,12)
2
(15,14) (16,14) (17,14)
7
(9,26) (9,25) (10,24) (10,23) (11,24) (12,23) (12,24) (12,25)
6
(10,29) (10,30) (11,30) (11,31) (12,30) (13,29) (12,28)
17
(14,8) (13,8) (14,7) (15,6) (15,7) (16,7) (16,8) (15,9) (14,9) (15,10) (15,11) (15,12) (14,13) (15,14) (15,15) (16,14) (17,14) (17,15)
3
(11,23) (11,24) (10,25) (11,25)
6
(11,31) (10,30) (10,31) (11,30) (12,29) (12,30) (12,31)
1
(16,11) (16,12)
1
(16,14) (16,15)
2
(10,24) (10,25) (10,26)
4
(10,28) (10,29) (11,28) (11,29) (12,29)
3
(15,7) (15,8) (16,7) (16,8)
2
(15,12) (16,13) (15,14)
14
(11,24) (10,24) (9,24) (10,25) (9,26) (9,27) (9,28) (9,29) (10,28) (10,29) (10,30) (11,29) (11,28) (12,29) (12,30)
11
(14,7) (14,8) (15,7) (15,6) (16,6) (16,7) (15,8) (15,9) (16,8) (16,9) (17,8) (17,7)
6
(15,12) (14,13) (15,14) (16,13) (17,12) (17,13) (17,14)
39
(12,27) (11,26) (10,25) (9,24) (8,25) (8,26) (9,26) (9,27) (9,28) (8,29) (9,29) (10,28) (10,29) (10,30) (11,29) (11,28) (12,29) (12,30) (11,31) (13,7) (13,8) (14,7) (14,8) (15,7) (15,6) (13,30) (13,29) (15,5) (16,5) (16,6) (16,7) (15,8) (15,9) (15,10) (16,9) (16,8) (17,7) (17,8) (18,7) (18,8)
2
(8,28) (8,27) (9,26)
3
(9,24) (10,23) (10,24) (11,24)
1
(9,30) (10,30)
3
(12,28) (12,29) (12,30) (14,6)
2
(15,12) (14,13) (15,14)
3
(17,12) (17,13) (17,14) (18,13)
2
(9,25) (10,25) (11,25)
6
(10,27) (10,28) (10,29) (11,30) (12,29) (12,28) (11,27)
3
(15,7) (15,8) (16,7) (16,8)
3
(15,13) (16,12) (16,13) (16,14)
19
(9,24) (9,25) (10,25) (11,24) (11,25) (12,26) (11,27) (10,27) (9,27) (10,28) (9,29) (10,29) (10,30) (11,30) (12,29) (12,28) (12,27) (13,28) (13,29) (12,30)
11
(14,7) (14,8) (15,7) (15,6) (16,6) (16,7) (15,8) (15,9) (16,8) (16,9) (17,8) (17,7)
5
(17,12) (16,12) (15,13) (16,13) (16,14) (17,14)
10
(10,24) (10,25) (9,26) (10,27) (9,28) (10,28) (10,29) (11,30) (12,29) (12,28) (11,27)
3
(15,7) (15,8) (16,7) (16,8)
6
(15,12) (15,13) (15,14) (16,13) (16,12) (17,13) (16,14)
