2
(2,10) (2,11) (3,10)
2
(4,13) (5,12) (5,13)
16
(20,6) (21,5) (21,4) (21,3) (21,2) (22,2) (22,3) (22,4) (22,5) (22,6) (21,7) (21,8) (22,7) (23,6) (23,5) (23,4) (23,3)
15
(1,10) (1,11) (2,10) (2,9) (3,9) (3,10) (2,11) (3,12) (4,11) (5,12) (4,13) (4,14) (5,13) (5,14) (6,13) (6,12)
21
(20,6) (21,5) (21,4) (21,3) (20,2) (21,1) (21,2) (22,1) (22,2) (22,3) (22,4) (22,5) (22,6) (21,7) (20,8) (21,8) (22,7) (23,6) (23,5) (23,4) (23,3) (24,3)
26
(2,8) (2,9) (1,10) (0,10) (0,11) (1,11) (1,12) (2,11) (2,10) (3,9) (3,8) (4,9) (3,10) (4,11) (3,12) (4,13) (3,14) (4,14) (4,15) (5,14) (5,13) (5,12) (6,11) (6,12) (6,13) (7,12) (7,13)
26
(20,2) (21,1) (21,0) (22,0) (22,1) (21,2) (21,3) (21,4) (21,5) (20,6) (19,7) (20,8) (20,9) (21,8) (21,7) (22,6) (22,5) (22,4) (22,3) (22,2) (23,1) (24,2) (23,3) (23,4) (23,5) (23,6) (22,7)
35
(2,9) (1,8) (0,9) (0,10) (0,11) (1,10) (1,11) (1,12) (2,11) (2,10) (3,9) (2,8) (2,7) (3,7) (3,8) (4,9) (3,10) (4,11) (3,12) (4,13) (3,14) (4,14) (4,15) (4,16) (5,15) (5,14) (5,13) (5,12) (6,11) (6,12) (6,13) (7,12) (7,13) (7,14) (6,15) (5,16)
35
(19,9) (20,8) (19,7) (19,6) (20,6) (21,5) (21,4) (21,3) (20,2) (21,1) (20,0) (21,0) (22,0) (22,1) (21,2) (22,2) (22,3) (22,4) (22,5) (22,6) (21,7) (21,8) (20,9) (20,10) (21,9) (21,10) (22,9) (23,8) (22,7) (23,6) (23,5) (23,4) (23,3) (24,2) (23,1) (24,1)
7
(0,12) (1,12) (2,13) (3,12) (4,11) (5,10) (4,9) (4,8)
6
(20,4) (20,5) (20,6) (19,7) (19,8) (20,9) (21,9)
1
(24,2) (24,3)
1
(24,6) (24,7)
5
(3,9) (4,10) (4,11) (3,12) (2,12) (1,11)
1
(20,1) (20,2)
2
(20,4) (20,5) (20,6)
2
(20,8) (21,8) (22,8)
22
(1,12) (1,11) (0,10) (1,9) (1,10) (2,9) (2,8) (3,9) (4,9) (4,10) (4,11) (3,12) (2,12) (3,13) (3,14) (4,14) (5,14) (5,15) (6,14) (6,13) (6,12) (5,11) (6,11)
21
(24,3) (23,2) (22,1) (21,0) (20,1) (19,1) (19,2) (19,3) (19,4) (20,3) (20,2) (21,3) (20,4) (20,5) (19,6) (19,7) (20,6) (21,6) (22,7) (21,8) (20,8) (20,9)
12
(2,10) (2,11) (2,12) (2,13) (3,12) (3,13) (4,13) (5,12) (4,11) (3,10) (4,10) (5,10) (5,11)
2
(19,5) (20,5) (21,5)
2
(20,7) (21,8) (21,9)
1
(21,1) (21,2)
7
(2,10) (2,11) (3,10) (3,11) (4,12) (4,13) (5,12) (5,13)
8
(21,2) (20,3) (20,4) (20,5) (20,6) (20,7) (21,8) (22,8) (23,7)
1
(24,4) (24,5)
19
(1,10) (1,11) (2,10) (2,9) (3,9) (3,10) (2,11) (2,12) (3,11) (4,10) (5,11) (4,12) (3,13) (4,13) (4,14) (5,13) (5,12) (6,12) (6,13) (5,14)
27
(19,3) (20,2) (20,3) (20,4) (20,5) (20,6) (19,7) (20,7) (20,8) (21,8) (21,9) (22,8) (22,9) (23,8) (23,7) (23,6) (23,5) (23,4) (22,3) (21,2) (22,1) (22,2) (23,2) (23,3) (24,3) (24,4) (24,5) (24,6)
28
(0,10) (0,11) (1,10) (1,11) (2,10) (2,9) (2,8) (3,8) (3,9) (3,10) (2,11) (2,12) (2,13) (3,13) (4,12) (3,11) (4,10) (5,10) (5,11) (5,12) (4,13) (4,14) (4,15) (5,14) (5,13) (6,12) (6,13) (7,12) (7,13)
28
(19,3) (20,2) (20,1) (21,2) (20,3) (20,4) (20,5) (20,6) (19,7) (20,7) (20,8) (21,8) (21,9) (21,10) (22,9) (22,8) (23,7) (23,6) (23,5) (23,4) (22,3) (22,2) (22,1) (23,2) (23,3) (24,3) (24,4) (24,5) (24,6)
9
(20,2) (19,2) (19,3) (20,4) (19,5) (20,5) (20,6) (19,7) (19,8) (20,9)
2
(22,1) (23,1) (24,2)
1
(23,8) (23,9)
2
(2,10) (2,11) (3,10)
2
(4,13) (5,12) (5,13)
14
(19,4) (19,5) (19,6) (20,5) (20,4) (20,3) (21,3) (21,4) (21,5) (20,6) (20,7) (21,6) (22,7) (21,8) (22,8)
15
(1,10) (1,11) (2,10) (2,9) (3,9) (3,10) (2,11) (3,12) (4,11) (5,12) (4,13) (4,14) (5,13) (5,14) (6,13) (6,12)
21
(18,6) (19,5) (18,4) (19,4) (20,3) (20,2) (21,2) (21,3) (20,4) (20,5) (19,6) (20,6) (20,7) (20,8) (21,8) (21,9) (22,8) (22,7) (21,6) (21,5) (21,4) (22,3)
7
(2,10) (2,11) (3,10) (3,11) (4,12) (4,13) (5,12) (5,13)
6
(21,3) (22,4) (22,5) (22,6) (22,7) (21,8) (22,8)
